<?xml version="1.0" encoding="UTF-8"?>
<testng-results ignored="0" total="2" passed="2" failed="0" skipped="0">
  <reporter-output>
  </reporter-output>
  <suite started-at="2022-04-18T05:03:25Z" name="Surefire suite" finished-at="2022-04-18T05:04:10Z" duration-ms="45357">
    <groups>
    </groups>
    <test started-at="2022-04-18T05:03:25Z" name="Surefire test" finished-at="2022-04-18T05:04:10Z" duration-ms="45357">
      <class name="TestSuites.SmokeTest">
        <test-method is-config="true" signature="invokeBrowser()[pri:0, instance:TestSuites.SmokeTest@52b1beb6]" started-at="2022-04-18T05:03:25Z" name="invokeBrowser" finished-at="2022-04-18T05:03:30Z" duration-ms="4917" status="PASS">
          <reporter-output>
          </reporter-output>
        </test-method> <!-- invokeBrowser -->
        <test-method is-config="true" signature="invokeBrowser()[pri:0, instance:TestSuites.TestCases@273e7444]" started-at="2022-04-18T05:03:30Z" name="invokeBrowser" finished-at="2022-04-18T05:03:33Z" duration-ms="3183" status="PASS">
          <reporter-output>
          </reporter-output>
        </test-method> <!-- invokeBrowser -->
        <test-method signature="bookOutstation()[pri:1, instance:TestSuites.SmokeTest@52b1beb6]" started-at="2022-04-18T05:03:33Z" name="bookOutstation" finished-at="2022-04-18T05:03:42Z" duration-ms="9582" status="PASS">
          <reporter-output>
          </reporter-output>
        </test-method> <!-- bookOutstation -->
        <test-method is-config="true" signature="closeBrowser()[pri:0, instance:TestSuites.SmokeTest@52b1beb6]" started-at="2022-04-18T05:04:08Z" name="closeBrowser" finished-at="2022-04-18T05:04:10Z" duration-ms="2223" status="PASS">
          <reporter-output>
          </reporter-output>
        </test-method> <!-- closeBrowser -->
        <test-method is-config="true" signature="closeBrowser()[pri:0, instance:TestSuites.TestCases@273e7444]" started-at="2022-04-18T05:04:10Z" name="closeBrowser" finished-at="2022-04-18T05:04:10Z" duration-ms="127" status="PASS">
          <reporter-output>
          </reporter-output>
        </test-method> <!-- closeBrowser -->
      </class> <!-- TestSuites.SmokeTest -->
      <class name="TestSuites.TestCases">
        <test-method signature="bookOutstation()[pri:1, instance:TestSuites.TestCases@273e7444]" started-at="2022-04-18T05:03:42Z" name="bookOutstation" finished-at="2022-04-18T05:04:08Z" duration-ms="25287" status="PASS">
          <reporter-output>
          </reporter-output>
        </test-method> <!-- bookOutstation -->
      </class> <!-- TestSuites.TestCases -->
    </test> <!-- Surefire test -->
  </suite> <!-- Surefire suite -->
</testng-results>
